2025-06-30 08:38:48,214 - INFO - Starting diverse CVE dataset generation
2025-06-30 08:38:48,214 - INFO - CVE directory: ../cve_info
2025-06-30 08:38:48,214 - INFO - Output directory: data_out
2025-06-30 08:38:48,214 - INFO - Target sample size: 50000
2025-06-30 08:38:48,214 - INFO - === Phase 1: CVE Dataset Analysis ===
2025-06-30 08:38:48,214 - INFO - Scanning CVE files in ../cve_info
2025-06-30 08:38:50,025 - INFO - Found 259590 JSON files to analyze
2025-06-30 08:38:58,132 - INFO - Processed 1000/259590 files
2025-06-30 08:38:58,139 - INFO - Processed 2000/259590 files
2025-06-30 08:38:58,145 - INFO - Processed 3000/259590 files
2025-06-30 08:38:58,177 - INFO - Processed 4000/259590 files
2025-06-30 08:38:58,307 - INFO - Processed 5000/259590 files
2025-06-30 08:38:58,459 - INFO - Processed 6000/259590 files
2025-06-30 08:38:58,620 - INFO - Processed 7000/259590 files
2025-06-30 08:38:58,829 - INFO - Processed 8000/259590 files
2025-06-30 08:38:58,965 - INFO - Processed 9000/259590 files
2025-06-30 08:38:59,088 - INFO - Processed 10000/259590 files
2025-06-30 08:38:59,229 - INFO - Processed 11000/259590 files
2025-06-30 08:38:59,358 - INFO - Processed 12000/259590 files
2025-06-30 08:38:59,492 - INFO - Processed 13000/259590 files
2025-06-30 08:38:59,625 - INFO - Processed 14000/259590 files
2025-06-30 08:38:59,748 - INFO - Processed 15000/259590 files
2025-06-30 08:38:59,888 - INFO - Processed 16000/259590 files
2025-06-30 08:39:00,019 - INFO - Processed 17000/259590 files
2025-06-30 08:39:00,144 - INFO - Processed 18000/259590 files
2025-06-30 08:39:00,276 - INFO - Processed 19000/259590 files
2025-06-30 08:39:00,404 - INFO - Processed 20000/259590 files
2025-06-30 08:39:00,542 - INFO - Processed 21000/259590 files
2025-06-30 08:39:00,673 - INFO - Processed 22000/259590 files
2025-06-30 08:39:00,806 - INFO - Processed 23000/259590 files
2025-06-30 08:39:00,942 - INFO - Processed 24000/259590 files
2025-06-30 08:39:01,076 - INFO - Processed 25000/259590 files
2025-06-30 08:39:01,209 - INFO - Processed 26000/259590 files
2025-06-30 08:39:01,334 - INFO - Processed 27000/259590 files
2025-06-30 08:39:01,471 - INFO - Processed 28000/259590 files
2025-06-30 08:39:01,600 - INFO - Processed 29000/259590 files
2025-06-30 08:39:01,755 - INFO - Processed 30000/259590 files
2025-06-30 08:39:01,887 - INFO - Processed 31000/259590 files
2025-06-30 08:39:02,013 - INFO - Processed 32000/259590 files
2025-06-30 08:39:02,148 - INFO - Processed 33000/259590 files
2025-06-30 08:39:02,277 - INFO - Processed 34000/259590 files
2025-06-30 08:39:02,408 - INFO - Processed 35000/259590 files
2025-06-30 08:39:02,543 - INFO - Processed 36000/259590 files
2025-06-30 08:39:02,666 - INFO - Processed 37000/259590 files
2025-06-30 08:39:02,801 - INFO - Processed 38000/259590 files
2025-06-30 08:39:02,928 - INFO - Processed 39000/259590 files
2025-06-30 08:39:03,070 - INFO - Processed 40000/259590 files
2025-06-30 08:39:03,197 - INFO - Processed 41000/259590 files
2025-06-30 08:39:03,317 - INFO - Processed 42000/259590 files
2025-06-30 08:39:03,477 - INFO - Processed 43000/259590 files
2025-06-30 08:39:03,604 - INFO - Processed 44000/259590 files
2025-06-30 08:39:03,749 - INFO - Processed 45000/259590 files
2025-06-30 08:39:03,916 - INFO - Processed 46000/259590 files
2025-06-30 08:39:04,040 - INFO - Processed 47000/259590 files
2025-06-30 08:39:04,177 - INFO - Processed 48000/259590 files
2025-06-30 08:39:04,306 - INFO - Processed 49000/259590 files
2025-06-30 08:39:04,439 - INFO - Processed 50000/259590 files
2025-06-30 08:39:04,574 - INFO - Processed 51000/259590 files
2025-06-30 08:39:04,706 - INFO - Processed 52000/259590 files
2025-06-30 08:39:04,833 - INFO - Processed 53000/259590 files
2025-06-30 08:39:04,959 - INFO - Processed 54000/259590 files
2025-06-30 08:39:05,092 - INFO - Processed 55000/259590 files
2025-06-30 08:39:05,244 - INFO - Processed 56000/259590 files
2025-06-30 08:39:05,372 - INFO - Processed 57000/259590 files
2025-06-30 08:39:05,500 - INFO - Processed 58000/259590 files
2025-06-30 08:39:05,634 - INFO - Processed 59000/259590 files
2025-06-30 08:39:05,770 - INFO - Processed 60000/259590 files
2025-06-30 08:39:05,903 - INFO - Processed 61000/259590 files
2025-06-30 08:39:06,033 - INFO - Processed 62000/259590 files
2025-06-30 08:39:06,167 - INFO - Processed 63000/259590 files
2025-06-30 08:39:06,287 - INFO - Processed 64000/259590 files
2025-06-30 08:39:06,422 - INFO - Processed 65000/259590 files
2025-06-30 08:39:06,582 - INFO - Processed 66000/259590 files
2025-06-30 08:39:06,739 - INFO - Processed 67000/259590 files
2025-06-30 08:39:06,876 - INFO - Processed 68000/259590 files
2025-06-30 08:39:06,993 - INFO - Processed 69000/259590 files
2025-06-30 08:39:07,126 - INFO - Processed 70000/259590 files
2025-06-30 08:39:07,302 - INFO - Processed 71000/259590 files
2025-06-30 08:39:07,440 - INFO - Processed 72000/259590 files
2025-06-30 08:39:07,573 - INFO - Processed 73000/259590 files
2025-06-30 08:39:07,716 - INFO - Processed 74000/259590 files
2025-06-30 08:39:07,869 - INFO - Processed 75000/259590 files
2025-06-30 08:39:08,039 - INFO - Processed 76000/259590 files
2025-06-30 08:39:08,207 - INFO - Processed 77000/259590 files
2025-06-30 08:39:08,368 - INFO - Processed 78000/259590 files
2025-06-30 08:39:08,513 - INFO - Processed 79000/259590 files
2025-06-30 08:39:08,686 - INFO - Processed 80000/259590 files
2025-06-30 08:39:08,861 - INFO - Processed 81000/259590 files
2025-06-30 08:39:09,046 - INFO - Processed 82000/259590 files
2025-06-30 08:39:09,217 - INFO - Processed 83000/259590 files
2025-06-30 08:39:09,349 - INFO - Processed 84000/259590 files
2025-06-30 08:39:09,483 - INFO - Processed 85000/259590 files
2025-06-30 08:39:09,612 - INFO - Processed 86000/259590 files
2025-06-30 08:39:09,742 - INFO - Processed 87000/259590 files
2025-06-30 08:39:09,871 - INFO - Processed 88000/259590 files
2025-06-30 08:39:10,002 - INFO - Processed 89000/259590 files
2025-06-30 08:39:10,137 - INFO - Processed 90000/259590 files
2025-06-30 08:39:10,278 - INFO - Processed 91000/259590 files
2025-06-30 08:39:10,427 - INFO - Processed 92000/259590 files
2025-06-30 08:39:10,609 - INFO - Processed 93000/259590 files
2025-06-30 08:39:10,745 - INFO - Processed 94000/259590 files
2025-06-30 08:39:10,876 - INFO - Processed 95000/259590 files
2025-06-30 08:39:11,008 - INFO - Processed 96000/259590 files
2025-06-30 08:39:11,140 - INFO - Processed 97000/259590 files
2025-06-30 08:39:11,269 - INFO - Processed 98000/259590 files
2025-06-30 08:39:11,396 - INFO - Processed 99000/259590 files
2025-06-30 08:39:11,523 - INFO - Processed 100000/259590 files
2025-06-30 08:39:11,653 - INFO - Processed 101000/259590 files
2025-06-30 08:39:11,791 - INFO - Processed 102000/259590 files
2025-06-30 08:39:11,925 - INFO - Processed 103000/259590 files
2025-06-30 08:39:12,054 - INFO - Processed 104000/259590 files
2025-06-30 08:39:12,171 - INFO - Processed 105000/259590 files
2025-06-30 08:39:12,290 - INFO - Processed 106000/259590 files
2025-06-30 08:39:12,409 - INFO - Processed 107000/259590 files
2025-06-30 08:39:12,527 - INFO - Processed 108000/259590 files
2025-06-30 08:39:12,647 - INFO - Processed 109000/259590 files
2025-06-30 08:39:12,770 - INFO - Processed 110000/259590 files
2025-06-30 08:39:12,885 - INFO - Processed 111000/259590 files
2025-06-30 08:39:13,001 - INFO - Processed 112000/259590 files
2025-06-30 08:39:13,117 - INFO - Processed 113000/259590 files
2025-06-30 08:39:13,240 - INFO - Processed 114000/259590 files
2025-06-30 08:39:13,359 - INFO - Processed 115000/259590 files
2025-06-30 08:39:13,476 - INFO - Processed 116000/259590 files
2025-06-30 08:39:13,594 - INFO - Processed 117000/259590 files
2025-06-30 08:39:13,713 - INFO - Processed 118000/259590 files
2025-06-30 08:39:13,831 - INFO - Processed 119000/259590 files
2025-06-30 08:39:13,954 - INFO - Processed 120000/259590 files
2025-06-30 08:39:14,170 - INFO - Processed 121000/259590 files
2025-06-30 08:39:14,379 - INFO - Processed 122000/259590 files
2025-06-30 08:39:14,561 - INFO - Processed 123000/259590 files
2025-06-30 08:39:14,750 - INFO - Processed 124000/259590 files
2025-06-30 08:39:14,926 - INFO - Processed 125000/259590 files
2025-06-30 08:39:15,103 - INFO - Processed 126000/259590 files
2025-06-30 08:39:15,267 - INFO - Processed 127000/259590 files
2025-06-30 08:39:15,442 - INFO - Processed 128000/259590 files
2025-06-30 08:39:15,605 - INFO - Processed 129000/259590 files
2025-06-30 08:39:15,772 - INFO - Processed 130000/259590 files
2025-06-30 08:39:15,935 - INFO - Processed 131000/259590 files
2025-06-30 08:39:16,099 - INFO - Processed 132000/259590 files
2025-06-30 08:39:16,267 - INFO - Processed 133000/259590 files
2025-06-30 08:39:16,409 - INFO - Processed 134000/259590 files
2025-06-30 08:39:16,555 - INFO - Processed 135000/259590 files
2025-06-30 08:39:16,739 - INFO - Processed 136000/259590 files
2025-06-30 08:39:16,885 - INFO - Processed 137000/259590 files
2025-06-30 08:39:17,050 - INFO - Processed 138000/259590 files
2025-06-30 08:39:17,251 - INFO - Processed 139000/259590 files
2025-06-30 08:39:17,404 - INFO - Processed 140000/259590 files
2025-06-30 08:39:17,544 - INFO - Processed 141000/259590 files
2025-06-30 08:39:17,674 - INFO - Processed 142000/259590 files
2025-06-30 08:39:17,817 - INFO - Processed 143000/259590 files
2025-06-30 08:39:17,959 - INFO - Processed 144000/259590 files
2025-06-30 08:39:18,109 - INFO - Processed 145000/259590 files
2025-06-30 08:39:18,265 - INFO - Processed 146000/259590 files
2025-06-30 08:39:18,405 - INFO - Processed 147000/259590 files
2025-06-30 08:39:18,545 - INFO - Processed 148000/259590 files
2025-06-30 08:39:18,693 - INFO - Processed 149000/259590 files
2025-06-30 08:39:18,831 - INFO - Processed 150000/259590 files
2025-06-30 08:39:18,989 - INFO - Processed 151000/259590 files
2025-06-30 08:39:19,150 - INFO - Processed 152000/259590 files
2025-06-30 08:39:19,291 - INFO - Processed 153000/259590 files
2025-06-30 08:39:19,432 - INFO - Processed 154000/259590 files
2025-06-30 08:39:19,577 - INFO - Processed 155000/259590 files
2025-06-30 08:39:19,717 - INFO - Processed 156000/259590 files
2025-06-30 08:39:19,852 - INFO - Processed 157000/259590 files
2025-06-30 08:39:19,997 - INFO - Processed 158000/259590 files
2025-06-30 08:39:20,160 - INFO - Processed 159000/259590 files
2025-06-30 08:39:20,346 - INFO - Processed 160000/259590 files
2025-06-30 08:39:20,491 - INFO - Processed 161000/259590 files
2025-06-30 08:39:20,621 - INFO - Processed 162000/259590 files
2025-06-30 08:39:20,767 - INFO - Processed 163000/259590 files
2025-06-30 08:39:20,902 - INFO - Processed 164000/259590 files
2025-06-30 08:39:21,051 - INFO - Processed 165000/259590 files
2025-06-30 08:39:21,193 - INFO - Processed 166000/259590 files
2025-06-30 08:39:21,325 - INFO - Processed 167000/259590 files
2025-06-30 08:39:21,471 - INFO - Processed 168000/259590 files
2025-06-30 08:39:21,628 - INFO - Processed 169000/259590 files
2025-06-30 08:39:21,789 - INFO - Processed 170000/259590 files
2025-06-30 08:39:21,934 - INFO - Processed 171000/259590 files
2025-06-30 08:39:22,077 - INFO - Processed 172000/259590 files
2025-06-30 08:39:22,220 - INFO - Processed 173000/259590 files
2025-06-30 08:39:22,361 - INFO - Processed 174000/259590 files
2025-06-30 08:39:22,510 - INFO - Processed 175000/259590 files
2025-06-30 08:39:22,660 - INFO - Processed 176000/259590 files
2025-06-30 08:39:22,798 - INFO - Processed 177000/259590 files
2025-06-30 08:39:22,939 - INFO - Processed 178000/259590 files
2025-06-30 08:39:23,082 - INFO - Processed 179000/259590 files
2025-06-30 08:39:23,228 - INFO - Processed 180000/259590 files
2025-06-30 08:39:23,377 - INFO - Processed 181000/259590 files
2025-06-30 08:39:23,522 - INFO - Processed 182000/259590 files
2025-06-30 08:39:23,678 - INFO - Processed 183000/259590 files
2025-06-30 08:39:23,832 - INFO - Processed 184000/259590 files
2025-06-30 08:39:23,974 - INFO - Processed 185000/259590 files
2025-06-30 08:39:24,112 - INFO - Processed 186000/259590 files
2025-06-30 08:39:24,296 - INFO - Processed 187000/259590 files
2025-06-30 08:39:24,440 - INFO - Processed 188000/259590 files
2025-06-30 08:39:24,592 - INFO - Processed 189000/259590 files
2025-06-30 08:39:24,756 - INFO - Processed 190000/259590 files
2025-06-30 08:39:24,909 - INFO - Processed 191000/259590 files
2025-06-30 08:39:25,072 - INFO - Processed 192000/259590 files
2025-06-30 08:39:25,242 - INFO - Processed 193000/259590 files
2025-06-30 08:39:25,399 - INFO - Processed 194000/259590 files
2025-06-30 08:39:25,561 - INFO - Processed 195000/259590 files
2025-06-30 08:39:25,723 - INFO - Processed 196000/259590 files
2025-06-30 08:39:25,884 - INFO - Processed 197000/259590 files
2025-06-30 08:39:26,049 - INFO - Processed 198000/259590 files
2025-06-30 08:39:26,216 - INFO - Processed 199000/259590 files
2025-06-30 08:39:26,371 - INFO - Processed 200000/259590 files
2025-06-30 08:39:26,525 - INFO - Processed 201000/259590 files
2025-06-30 08:39:26,691 - INFO - Processed 202000/259590 files
2025-06-30 08:39:26,858 - INFO - Processed 203000/259590 files
2025-06-30 08:39:27,036 - INFO - Processed 204000/259590 files
2025-06-30 08:39:27,212 - INFO - Processed 205000/259590 files
2025-06-30 08:39:27,376 - INFO - Processed 206000/259590 files
2025-06-30 08:39:27,549 - INFO - Processed 207000/259590 files
2025-06-30 08:39:27,726 - INFO - Processed 208000/259590 files
2025-06-30 08:39:27,900 - INFO - Processed 209000/259590 files
2025-06-30 08:39:28,080 - INFO - Processed 210000/259590 files
2025-06-30 08:39:28,243 - INFO - Processed 211000/259590 files
2025-06-30 08:39:28,405 - INFO - Processed 212000/259590 files
2025-06-30 08:39:28,557 - INFO - Processed 213000/259590 files
2025-06-30 08:39:28,719 - INFO - Processed 214000/259590 files
2025-06-30 08:39:28,875 - INFO - Processed 215000/259590 files
2025-06-30 08:39:29,030 - INFO - Processed 216000/259590 files
2025-06-30 08:39:29,194 - INFO - Processed 217000/259590 files
2025-06-30 08:39:29,352 - INFO - Processed 218000/259590 files
2025-06-30 08:39:29,528 - INFO - Processed 219000/259590 files
2025-06-30 08:39:29,689 - INFO - Processed 220000/259590 files
2025-06-30 08:39:29,844 - INFO - Processed 221000/259590 files
2025-06-30 08:39:30,003 - INFO - Processed 222000/259590 files
2025-06-30 08:39:30,166 - INFO - Processed 223000/259590 files
2025-06-30 08:39:30,324 - INFO - Processed 224000/259590 files
2025-06-30 08:39:30,485 - INFO - Processed 225000/259590 files
2025-06-30 08:39:30,644 - INFO - Processed 226000/259590 files
2025-06-30 08:39:30,795 - INFO - Processed 227000/259590 files
2025-06-30 08:39:30,947 - INFO - Processed 228000/259590 files
2025-06-30 08:39:31,138 - INFO - Processed 229000/259590 files
2025-06-30 08:39:31,316 - INFO - Processed 230000/259590 files
2025-06-30 08:39:31,466 - INFO - Processed 231000/259590 files
2025-06-30 08:39:31,638 - INFO - Processed 232000/259590 files
2025-06-30 08:39:31,804 - INFO - Processed 233000/259590 files
2025-06-30 08:39:31,960 - INFO - Processed 234000/259590 files
2025-06-30 08:39:32,113 - INFO - Processed 235000/259590 files
2025-06-30 08:39:32,271 - INFO - Processed 236000/259590 files
2025-06-30 08:39:32,427 - INFO - Processed 237000/259590 files
2025-06-30 08:39:32,576 - INFO - Processed 238000/259590 files
2025-06-30 08:39:32,732 - INFO - Processed 239000/259590 files
2025-06-30 08:39:32,889 - INFO - Processed 240000/259590 files
2025-06-30 08:39:33,057 - INFO - Processed 241000/259590 files
2025-06-30 08:39:33,209 - INFO - Processed 242000/259590 files
2025-06-30 08:39:33,366 - INFO - Processed 243000/259590 files
2025-06-30 08:39:33,514 - INFO - Processed 244000/259590 files
2025-06-30 08:39:33,666 - INFO - Processed 245000/259590 files
2025-06-30 08:39:33,813 - INFO - Processed 246000/259590 files
2025-06-30 08:39:33,975 - INFO - Processed 247000/259590 files
2025-06-30 08:39:34,137 - INFO - Processed 248000/259590 files
2025-06-30 08:39:34,289 - INFO - Processed 249000/259590 files
2025-06-30 08:39:34,438 - INFO - Processed 250000/259590 files
2025-06-30 08:39:34,598 - INFO - Processed 251000/259590 files
2025-06-30 08:39:34,755 - INFO - Processed 252000/259590 files
2025-06-30 08:39:34,910 - INFO - Processed 253000/259590 files
2025-06-30 08:39:35,061 - INFO - Processed 254000/259590 files
2025-06-30 08:39:35,226 - INFO - Processed 255000/259590 files
2025-06-30 08:39:35,379 - INFO - Processed 256000/259590 files
2025-06-30 08:39:35,526 - INFO - Processed 257000/259590 files
2025-06-30 08:39:35,680 - INFO - Processed 258000/259590 files
2025-06-30 08:39:35,836 - INFO - Processed 259000/259590 files
2025-06-30 08:39:35,925 - INFO - Successfully analyzed 259589 CVE files
2025-06-30 08:39:36,094 - INFO - Saving inventory to data_out/cve_inventory.csv
2025-06-30 08:39:36,820 - INFO - === Phase 2: Diverse Sampling ===
2025-06-30 08:39:36,821 - INFO - Creating diverse sample of 50000 CVEs
2025-06-30 08:39:37,023 - INFO - Year distribution in inventory:
2025-06-30 08:39:37,023 - INFO -   1999-2009: 40800 CVEs
2025-06-30 08:39:37,023 - INFO -   2016-2019: 55137 CVEs
2025-06-30 08:39:37,023 - INFO -   2010-2015: 37755 CVEs
2025-06-30 08:39:37,024 - INFO -   2020-2024: 125897 CVEs
2025-06-30 08:39:37,024 - INFO - Target samples per year category:
2025-06-30 08:39:37,024 - INFO -   1999-2009: 2500 samples
2025-06-30 08:39:37,024 - INFO -   2010-2015: 5000 samples
2025-06-30 08:39:37,024 - INFO -   2016-2019: 10000 samples
2025-06-30 08:39:37,024 - INFO -   2020-2024: 32500 samples
2025-06-30 08:40:18,831 - INFO - Selected 2500 CVEs from 1999-2009 (available: 40800)
2025-06-30 08:41:25,947 - INFO - Selected 5000 CVEs from 2010-2015 (available: 37755)
2025-06-30 08:46:29,738 - INFO - Selected 10000 CVEs from 2016-2019 (available: 55137)
2025-06-30 09:29:50,464 - INFO - Selected 32500 CVEs from 2020-2024 (available: 125897)
2025-06-30 09:29:50,487 - INFO - Final diverse sample: 50000 CVEs
2025-06-30 09:29:50,491 - INFO - === Phase 3: JSONL Generation ===
2025-06-30 09:29:50,491 - INFO - Generating JSONL dataset to data_out/cve_50k_diverse_sample.jsonl
2025-06-30 09:29:50,768 - INFO - Generated 1000/50000 entries
2025-06-30 09:29:50,983 - INFO - Generated 2000/50000 entries
2025-06-30 09:29:51,192 - INFO - Generated 3000/50000 entries
2025-06-30 09:29:51,387 - INFO - Generated 4000/50000 entries
2025-06-30 09:29:51,577 - INFO - Generated 5000/50000 entries
2025-06-30 09:29:51,763 - INFO - Generated 6000/50000 entries
2025-06-30 09:29:51,948 - INFO - Generated 7000/50000 entries
2025-06-30 09:29:52,134 - INFO - Generated 8000/50000 entries
2025-06-30 09:29:52,314 - INFO - Generated 9000/50000 entries
2025-06-30 09:29:52,495 - INFO - Generated 10000/50000 entries
2025-06-30 09:29:52,675 - INFO - Generated 11000/50000 entries
2025-06-30 09:29:52,848 - INFO - Generated 12000/50000 entries
2025-06-30 09:29:53,028 - INFO - Generated 13000/50000 entries
2025-06-30 09:29:53,207 - INFO - Generated 14000/50000 entries
2025-06-30 09:29:53,415 - INFO - Generated 15000/50000 entries
2025-06-30 09:29:53,591 - INFO - Generated 16000/50000 entries
2025-06-30 09:29:53,767 - INFO - Generated 17000/50000 entries
2025-06-30 09:29:53,944 - INFO - Generated 18000/50000 entries
2025-06-30 09:29:54,119 - INFO - Generated 19000/50000 entries
2025-06-30 09:29:54,299 - INFO - Generated 20000/50000 entries
2025-06-30 09:29:54,478 - INFO - Generated 21000/50000 entries
2025-06-30 09:29:54,661 - INFO - Generated 22000/50000 entries
2025-06-30 09:29:54,848 - INFO - Generated 23000/50000 entries
2025-06-30 09:29:55,034 - INFO - Generated 24000/50000 entries
2025-06-30 09:29:55,228 - INFO - Generated 25000/50000 entries
2025-06-30 09:29:55,434 - INFO - Generated 26000/50000 entries
2025-06-30 09:29:55,623 - INFO - Generated 27000/50000 entries
2025-06-30 09:29:55,802 - INFO - Generated 28000/50000 entries
2025-06-30 09:29:56,005 - INFO - Generated 29000/50000 entries
2025-06-30 09:29:56,187 - INFO - Generated 30000/50000 entries
2025-06-30 09:29:56,363 - INFO - Generated 31000/50000 entries
2025-06-30 09:29:56,540 - INFO - Generated 32000/50000 entries
2025-06-30 09:29:56,717 - INFO - Generated 33000/50000 entries
2025-06-30 09:29:56,902 - INFO - Generated 34000/50000 entries
2025-06-30 09:29:57,096 - INFO - Generated 35000/50000 entries
2025-06-30 09:29:57,283 - INFO - Generated 36000/50000 entries
2025-06-30 09:29:57,466 - INFO - Generated 37000/50000 entries
2025-06-30 09:29:57,658 - INFO - Generated 38000/50000 entries
2025-06-30 09:29:57,852 - INFO - Generated 39000/50000 entries
2025-06-30 09:29:58,042 - INFO - Generated 40000/50000 entries
2025-06-30 09:29:58,243 - INFO - Generated 41000/50000 entries
2025-06-30 09:29:58,437 - INFO - Generated 42000/50000 entries
2025-06-30 09:29:58,667 - INFO - Generated 43000/50000 entries
2025-06-30 09:29:58,849 - INFO - Generated 44000/50000 entries
2025-06-30 09:29:59,025 - INFO - Generated 45000/50000 entries
2025-06-30 09:29:59,208 - INFO - Generated 46000/50000 entries
2025-06-30 09:29:59,386 - INFO - Generated 47000/50000 entries
2025-06-30 09:29:59,564 - INFO - Generated 48000/50000 entries
2025-06-30 09:29:59,740 - INFO - Generated 49000/50000 entries
2025-06-30 09:29:59,921 - INFO - Generated 50000/50000 entries
2025-06-30 09:29:59,944 - INFO - Successfully generated JSONL dataset with 50000 entries
2025-06-30 09:29:59,944 - INFO - === Phase 4: Quality Validation ===
2025-06-30 09:29:59,944 - INFO - Generating quality validation report
2025-06-30 09:30:00,125 - INFO - Quality report saved to data_out/sampling_metadata.json
2025-06-30 09:30:00,125 - INFO - === Generation Complete ===
2025-06-30 09:30:00,125 - INFO - Total time: 3071.91 seconds
2025-06-30 09:30:00,125 - INFO - Generated dataset: data_out/cve_50k_diverse_sample.jsonl
2025-06-30 09:30:00,125 - INFO - Sample size: 50000
2025-06-30 09:30:00,125 - INFO - Year categories: {'2020-2024': 32500, '2016-2019': 10000, '2010-2015': 5000, '1999-2009': 2500}
2025-06-30 09:30:00,125 - INFO - Weakness types: 8
2025-06-30 09:30:00,126 - INFO - Summary report: data_out/generation_summary.md
2025-06-30 09:30:00,126 - INFO - Dataset generation completed successfully!
